  Alfil.cpp
  board.cpp
  Caballo.cpp
  camera.cpp
C:\Users\bogur\Desktop\Informatica\Trabajo\Ajedrez\Ajedrez\Ajedrez\src\camera.cpp(80,13): warning C4305: '+=': truncation from 'double' to 'float'
  Dama.cpp
  graphics.cpp
  IA.cpp
  InfoTablas.cpp
  main.cpp
  MotorDeJuego.cpp
  Peon.cpp
  Pieza.cpp
  plane.cpp
  Rey.cpp
C:\Users\bogur\Desktop\Informatica\Trabajo\Ajedrez\Ajedrez\Ajedrez\src\Rey.h(10,14): warning C4305: 'argument': truncation from 'const int' to 'const unsigned char'
C:\Users\bogur\Desktop\Informatica\Trabajo\Ajedrez\Ajedrez\Ajedrez\src\Rey.h(10,85): warning C4309: 'argument': truncation of constant value
  structs.cpp
  Tablero.cpp
C:\Users\bogur\Desktop\Informatica\Trabajo\Ajedrez\Ajedrez\Ajedrez\src\Rey.h(10,14): warning C4305: 'argument': truncation from 'const int' to 'const unsigned char'
C:\Users\bogur\Desktop\Informatica\Trabajo\Ajedrez\Ajedrez\Ajedrez\src\Rey.h(10,85): warning C4309: 'argument': truncation of constant value
C:\Users\bogur\Desktop\Informatica\Trabajo\Ajedrez\Ajedrez\Ajedrez\src\Tablero.cpp(405,21): warning C4244: '=': conversion from 'float' to 'int', possible loss of data
C:\Users\bogur\Desktop\Informatica\Trabajo\Ajedrez\Ajedrez\Ajedrez\src\Tablero.cpp(406,21): warning C4244: '=': conversion from 'float' to 'int', possible loss of data
  Torre.cpp
C:\Program Files\Microsoft Visual Studio\2022\Community\MSBuild\Microsoft\VC\v170\Microsoft.CppCommon.targets(1096,5): error MSB6006: "link.exe" exited with code 1104.
LINK : fatal error LNK1104: cannot open file 'freeglut.lib'
